[15.06.2022 01:33:11] started

[15.06.2022 01:33:11] 0_001

[15.06.2022 01:33:11] 0_002

[15.06.2022 01:33:11] 0_2

[15.06.2022 01:33:11] 0_3

[15.06.2022 01:33:11] 0

[15.06.2022 01:33:11] test 1

[15.06.2022 01:33:11] test 2 03FDFD38

[15.06.2022 01:33:11] test 3

[15.06.2022 01:33:11] t1

[15.06.2022 01:33:11] t2

[15.06.2022 01:33:11] t3

[15.06.2022 01:33:11] t4

[15.06.2022 01:33:11] t5

[15.06.2022 01:33:11] t6

[15.06.2022 01:33:11] _p1

[15.06.2022 01:33:11] _p2

[15.06.2022 01:33:11] _p3

[15.06.2022 01:33:11] p3_1

[15.06.2022 01:33:12] _p4

[15.06.2022 01:33:12] _p5

[15.06.2022 01:33:12] t7

[15.06.2022 01:33:12] t8

[15.06.2022 01:33:12] 0.1

[15.06.2022 01:33:12] 0.2

[15.06.2022 01:33:12] 0.3

[15.06.2022 01:33:13] 1

[15.06.2022 01:33:13] 2

[15.06.2022 01:33:14] _p1

[15.06.2022 01:33:14] _p2

[15.06.2022 01:33:14] _p3

[15.06.2022 01:33:14] p3_1

[15.06.2022 01:33:15] _p4

[15.06.2022 01:33:15] _p5

[15.06.2022 01:33:15] 4

[15.06.2022 01:33:15] load


[15.06.2022 01:33:23] 4.5.0

